<?xml version="1.0" encoding="UTF-8"?>
<!-- Generated by org.testng.reporters.JUnitReportReporter -->
<testsuite hostname="axx-PF1DX2B8" failures="0" tests="8" name="com.qa.tests.CVIMultiplInvkeMtngEndTest" time="1.527" errors="0" timestamp="08 Jun 2020 14:57:35 GMT" skipped="0">
  <testcase classname="com.qa.tests.CVIMultiplInvkeMtngEndTest" name="responseBodyTest" time="0.126"/>
  <testcase classname="com.qa.tests.CVIMultiplInvkeMtngEndTest" name="statusCodeTest" time="0.314"/>
  <testcase classname="com.qa.tests.CVIMultiplInvkeMtngEndTest" name="responseBodyTest" time="0.299"/>
  <testcase classname="com.qa.tests.CVIMultiplInvkeMtngEndTest" name="responseTimeTest" time="0.131"/>
  <testcase classname="com.qa.tests.CVIMultiplInvkeMtngEndTest" name="responseTimeTest" time="0.201"/>
  <testcase classname="com.qa.tests.CVIMultiplInvkeMtngEndTest" name="contentTypeTest" time="0.125"/>
  <testcase classname="com.qa.tests.CVIMultiplInvkeMtngEndTest" name="statusCodeTest" time="0.130"/>
  <testcase classname="com.qa.tests.CVIMultiplInvkeMtngEndTest" name="contentTypeTest" time="0.201"/>
</testsuite> <!-- com.qa.tests.CVIMultiplInvkeMtngEndTest -->
