<?xml version="1.0" encoding="UTF-8"?>
<!-- Generated by org.testng.reporters.JUnitReportReporter -->
<testsuite hostname="axx-PF1DX2B8" failures="0" tests="8" name="com.qa.tests.CVIMultiplInvkeMtngResumTest" time="1.724" errors="0" timestamp="02 Jun 2020 11:14:49 GMT" skipped="0">
  <testcase classname="com.qa.tests.CVIMultiplInvkeMtngResumTest" name="statusCodeTest" time="0.101"/>
  <testcase classname="com.qa.tests.CVIMultiplInvkeMtngResumTest" name="statusCodeTest" time="0.212"/>
  <testcase classname="com.qa.tests.CVIMultiplInvkeMtngResumTest" name="responseBodyTest" time="0.196"/>
  <testcase classname="com.qa.tests.CVIMultiplInvkeMtngResumTest" name="responseTimeTest" time="0.192"/>
  <testcase classname="com.qa.tests.CVIMultiplInvkeMtngResumTest" name="responseBodyTest" time="0.305"/>
  <testcase classname="com.qa.tests.CVIMultiplInvkeMtngResumTest" name="contentTypeTest" time="0.109"/>
  <testcase classname="com.qa.tests.CVIMultiplInvkeMtngResumTest" name="contentTypeTest" time="0.321"/>
  <testcase classname="com.qa.tests.CVIMultiplInvkeMtngResumTest" name="responseTimeTest" time="0.288"/>
</testsuite> <!-- com.qa.tests.CVIMultiplInvkeMtngResumTest -->
