<?xml version="1.0" encoding="UTF-8"?>
<!-- Generated by org.testng.reporters.JUnitReportReporter -->
<testsuite hostname="axx-PF1DX2B8" failures="0" tests="4" name="com.qa.tests.CVIInvkeMtngEndAsstrnTest" time="0.021" errors="0" timestamp="27 May 2020 17:28:19 GMT" skipped="0">
  <testcase classname="com.qa.tests.CVIInvkeMtngEndAsstrnTest" name="statusCodeTest" time="0.001"/>
  <testcase classname="com.qa.tests.CVIInvkeMtngEndAsstrnTest" name="responseBodyTest" time="0.003"/>
  <testcase classname="com.qa.tests.CVIInvkeMtngEndAsstrnTest" name="contentTypeTest" time="0.014"/>
  <testcase classname="com.qa.tests.CVIInvkeMtngEndAsstrnTest" name="responseTimeTest" time="0.003"/>
</testsuite> <!-- com.qa.tests.CVIInvkeMtngEndAsstrnTest -->
