<?xml version="1.0" encoding="UTF-8"?>
<!-- Generated by org.testng.reporters.JUnitReportReporter -->
<testsuite hostname="axx-PF1DX2B8" failures="0" tests="8" name="com.qa.tests.CVIInvkeViaTxt" time="4.025" errors="0" timestamp="08 Jun 2020 14:57:35 GMT" skipped="0">
  <testcase classname="com.qa.tests.CVIInvkeViaTxt" name="contentTypeTest" time="0.893"/>
  <testcase classname="com.qa.tests.CVIInvkeViaTxt" name="statusCodeTest" time="0.497"/>
  <testcase classname="com.qa.tests.CVIInvkeViaTxt" name="contentTypeTest" time="0.357"/>
  <testcase classname="com.qa.tests.CVIInvkeViaTxt" name="responseBodyTest" time="0.363"/>
  <testcase classname="com.qa.tests.CVIInvkeViaTxt" name="statusCodeTest" time="0.467"/>
  <testcase classname="com.qa.tests.CVIInvkeViaTxt" name="responseBodyTest" time="0.506"/>
  <testcase classname="com.qa.tests.CVIInvkeViaTxt" name="responseTimeTest" time="0.353"/>
  <testcase classname="com.qa.tests.CVIInvkeViaTxt" name="responseTimeTest" time="0.589"/>
</testsuite> <!-- com.qa.tests.CVIInvkeViaTxt -->
