<?xml version="1.0" encoding="UTF-8"?>
<!-- Generated by org.testng.reporters.JUnitReportReporter -->
<testsuite hostname="axx-PF1DX2B8" failures="0" tests="8" name="com.qa.tests.CVIMultiplInvkeMtngPauseTest" time="3.262" errors="0" timestamp="04 Jun 2020 11:27:52 GMT" skipped="0">
  <testcase classname="com.qa.tests.CVIMultiplInvkeMtngPauseTest" name="statusCodeTest" time="0.247"/>
  <testcase classname="com.qa.tests.CVIMultiplInvkeMtngPauseTest" name="statusCodeTest" time="0.296"/>
  <testcase classname="com.qa.tests.CVIMultiplInvkeMtngPauseTest" name="contentTypeTest" time="0.467"/>
  <testcase classname="com.qa.tests.CVIMultiplInvkeMtngPauseTest" name="contentTypeTest" time="0.324"/>
  <testcase classname="com.qa.tests.CVIMultiplInvkeMtngPauseTest" name="responseTimeTest" time="0.300"/>
  <testcase classname="com.qa.tests.CVIMultiplInvkeMtngPauseTest" name="responseTimeTest" time="0.305"/>
  <testcase classname="com.qa.tests.CVIMultiplInvkeMtngPauseTest" name="responseBodyTest" time="0.883"/>
  <testcase classname="com.qa.tests.CVIMultiplInvkeMtngPauseTest" name="responseBodyTest" time="0.440"/>
</testsuite> <!-- com.qa.tests.CVIMultiplInvkeMtngPauseTest -->
