<?xml version="1.0" encoding="UTF-8"?>
<!-- Generated by org.testng.reporters.JUnitReportReporter -->
<testsuite hostname="axx-PF1DX2B8" failures="0" tests="8" name="com.qa.tests.CVIMultiplInvkeMtngStrtTest" time="3.695" errors="0" timestamp="08 Jun 2020 14:57:35 GMT" skipped="0">
  <testcase classname="com.qa.tests.CVIMultiplInvkeMtngStrtTest" name="responseBodyTest" time="0.284"/>
  <testcase classname="com.qa.tests.CVIMultiplInvkeMtngStrtTest" name="responseTimeTest" time="0.442"/>
  <testcase classname="com.qa.tests.CVIMultiplInvkeMtngStrtTest" name="contentTypeTest" time="0.423"/>
  <testcase classname="com.qa.tests.CVIMultiplInvkeMtngStrtTest" name="responseBodyTest" time="0.597"/>
  <testcase classname="com.qa.tests.CVIMultiplInvkeMtngStrtTest" name="contentTypeTest" time="0.587"/>
  <testcase classname="com.qa.tests.CVIMultiplInvkeMtngStrtTest" name="statusCodeTest" time="0.278"/>
  <testcase classname="com.qa.tests.CVIMultiplInvkeMtngStrtTest" name="statusCodeTest" time="0.587"/>
  <testcase classname="com.qa.tests.CVIMultiplInvkeMtngStrtTest" name="responseTimeTest" time="0.497"/>
</testsuite> <!-- com.qa.tests.CVIMultiplInvkeMtngStrtTest -->
