<?xml version="1.0" encoding="UTF-8"?>
<!-- Generated by org.testng.reporters.JUnitReportReporter -->
<testsuite hostname="axx-PF1DX2B8" failures="0" tests="1" name="com.qa.tests.GetAPITest" time="2.438" errors="0" timestamp="17 May 2020 13:55:11 GMT" skipped="0">
  <testcase classname="com.qa.tests.GetAPITest" name="getTest" time="2.438"/>
</testsuite> <!-- com.qa.tests.GetAPITest -->
