<?xml version="1.0" encoding="UTF-8"?>
<!-- Generated by org.testng.reporters.JUnitReportReporter -->
<testsuite hostname="axx-PF1DX2B8" failures="0" tests="1" name="com.qa.tests.CVIInvkeMtngAsstrnTest" time="0.010" errors="0" timestamp="27 May 2020 11:00:04 GMT" skipped="0">
  <testcase classname="com.qa.tests.CVIInvkeMtngAsstrnTest" name="responseBodyTest" time="0.010"/>
</testsuite> <!-- com.qa.tests.CVIInvkeMtngAsstrnTest -->
