<?xml version="1.0" encoding="UTF-8"?>
<!-- Generated by org.testng.reporters.JUnitReportReporter -->
<testsuite hostname="axx-PF1DX2B8" failures="0" tests="8" name="com.qa.tests.CVIMultiplInvkeMtngEndTest" time="5.165" errors="0" timestamp="04 Jun 2020 11:27:52 GMT" skipped="0">
  <testcase classname="com.qa.tests.CVIMultiplInvkeMtngEndTest" name="contentTypeTest" time="0.736"/>
  <testcase classname="com.qa.tests.CVIMultiplInvkeMtngEndTest" name="statusCodeTest" time="0.411"/>
  <testcase classname="com.qa.tests.CVIMultiplInvkeMtngEndTest" name="statusCodeTest" time="0.334"/>
  <testcase classname="com.qa.tests.CVIMultiplInvkeMtngEndTest" name="responseTimeTest" time="0.566"/>
  <testcase classname="com.qa.tests.CVIMultiplInvkeMtngEndTest" name="contentTypeTest" time="0.882"/>
  <testcase classname="com.qa.tests.CVIMultiplInvkeMtngEndTest" name="responseBodyTest" time="0.962"/>
  <testcase classname="com.qa.tests.CVIMultiplInvkeMtngEndTest" name="responseBodyTest" time="0.545"/>
  <testcase classname="com.qa.tests.CVIMultiplInvkeMtngEndTest" name="responseTimeTest" time="0.729"/>
</testsuite> <!-- com.qa.tests.CVIMultiplInvkeMtngEndTest -->
