<?xml version="1.0" encoding="UTF-8"?>
<!-- Generated by org.testng.reporters.JUnitReportReporter -->
<testsuite hostname="axx-PF1DX2B8" failures="0" tests="8" name="com.qa.tests.CVIMultiplInvkeMtngStrtTest" time="3.839" errors="0" timestamp="04 Jun 2020 11:27:52 GMT" skipped="0">
  <testcase classname="com.qa.tests.CVIMultiplInvkeMtngStrtTest" name="responseBodyTest" time="0.276"/>
  <testcase classname="com.qa.tests.CVIMultiplInvkeMtngStrtTest" name="responseTimeTest" time="0.432"/>
  <testcase classname="com.qa.tests.CVIMultiplInvkeMtngStrtTest" name="statusCodeTest" time="0.516"/>
  <testcase classname="com.qa.tests.CVIMultiplInvkeMtngStrtTest" name="contentTypeTest" time="0.432"/>
  <testcase classname="com.qa.tests.CVIMultiplInvkeMtngStrtTest" name="contentTypeTest" time="0.408"/>
  <testcase classname="com.qa.tests.CVIMultiplInvkeMtngStrtTest" name="statusCodeTest" time="0.895"/>
  <testcase classname="com.qa.tests.CVIMultiplInvkeMtngStrtTest" name="responseBodyTest" time="0.452"/>
  <testcase classname="com.qa.tests.CVIMultiplInvkeMtngStrtTest" name="responseTimeTest" time="0.428"/>
</testsuite> <!-- com.qa.tests.CVIMultiplInvkeMtngStrtTest -->
