<?xml version="1.0" encoding="UTF-8"?>
<!-- Generated by org.testng.reporters.JUnitReportReporter -->
<testsuite hostname="axx-PF1DX2B8" failures="0" tests="2" name="com.qa.tests.CVIPost" time="1.019" errors="0" timestamp="25 May 2020 08:19:34 GMT" skipped="0">
  <testcase classname="com.qa.tests.CVIPost" name="CVIPostTest" time="0.561"/>
  <testcase classname="com.qa.tests.CVIPost" name="CVIPostTest" time="0.458"/>
</testsuite> <!-- com.qa.tests.CVIPost -->
