<?xml version="1.0" encoding="UTF-8"?>
<!-- Generated by org.testng.reporters.JUnitReportReporter -->
<testsuite hostname="axx-PF1DX2B8" failures="0" tests="8" name="com.qa.tests.CVIMultiplInvkeMtngStrtTest" time="3.598" errors="0" timestamp="02 Jun 2020 11:14:49 GMT" skipped="0">
  <testcase classname="com.qa.tests.CVIMultiplInvkeMtngStrtTest" name="contentTypeTest" time="0.373"/>
  <testcase classname="com.qa.tests.CVIMultiplInvkeMtngStrtTest" name="responseBodyTest" time="0.261"/>
  <testcase classname="com.qa.tests.CVIMultiplInvkeMtngStrtTest" name="responseTimeTest" time="0.293"/>
  <testcase classname="com.qa.tests.CVIMultiplInvkeMtngStrtTest" name="statusCodeTest" time="0.413"/>
  <testcase classname="com.qa.tests.CVIMultiplInvkeMtngStrtTest" name="responseBodyTest" time="0.734"/>
  <testcase classname="com.qa.tests.CVIMultiplInvkeMtngStrtTest" name="responseTimeTest" time="0.500"/>
  <testcase classname="com.qa.tests.CVIMultiplInvkeMtngStrtTest" name="statusCodeTest" time="0.531"/>
  <testcase classname="com.qa.tests.CVIMultiplInvkeMtngStrtTest" name="contentTypeTest" time="0.493"/>
</testsuite> <!-- com.qa.tests.CVIMultiplInvkeMtngStrtTest -->
