<?xml version="1.0" encoding="UTF-8"?>
<!-- Generated by org.testng.reporters.JUnitReportReporter -->
<testsuite hostname="axx-PF1DX2B8" failures="0" tests="8" name="com.qa.tests.samplemeetings" time="0.990" errors="0" timestamp="05 Jun 2020 10:23:06 GMT" skipped="0">
  <testcase classname="com.qa.tests.samplemeetings" name="responseBodyTest" time="0.081"/>
  <testcase classname="com.qa.tests.samplemeetings" name="responseTimeTest" time="0.084"/>
  <testcase classname="com.qa.tests.samplemeetings" name="responseBodyTest" time="0.315"/>
  <testcase classname="com.qa.tests.samplemeetings" name="responseTimeTest" time="0.081"/>
  <testcase classname="com.qa.tests.samplemeetings" name="contentTypeTest" time="0.163"/>
  <testcase classname="com.qa.tests.samplemeetings" name="statusCodeTest" time="0.094"/>
  <testcase classname="com.qa.tests.samplemeetings" name="contentTypeTest" time="0.090"/>
  <testcase classname="com.qa.tests.samplemeetings" name="statusCodeTest" time="0.082"/>
</testsuite> <!-- com.qa.tests.samplemeetings -->
