<?xml version="1.0" encoding="UTF-8"?>
<!-- Generated by org.testng.reporters.JUnitReportReporter -->
<testsuite hostname="axx-PF1DX2B8" failures="0" tests="8" name="com.qa.tests.CVIMultiplInvkeMtngEndTest" time="1.733" errors="0" timestamp="02 Jun 2020 11:14:49 GMT" skipped="0">
  <testcase classname="com.qa.tests.CVIMultiplInvkeMtngEndTest" name="responseBodyTest" time="0.263"/>
  <testcase classname="com.qa.tests.CVIMultiplInvkeMtngEndTest" name="statusCodeTest" time="0.200"/>
  <testcase classname="com.qa.tests.CVIMultiplInvkeMtngEndTest" name="responseTimeTest" time="0.173"/>
  <testcase classname="com.qa.tests.CVIMultiplInvkeMtngEndTest" name="contentTypeTest" time="0.210"/>
  <testcase classname="com.qa.tests.CVIMultiplInvkeMtngEndTest" name="contentTypeTest" time="0.256"/>
  <testcase classname="com.qa.tests.CVIMultiplInvkeMtngEndTest" name="responseBodyTest" time="0.123"/>
  <testcase classname="com.qa.tests.CVIMultiplInvkeMtngEndTest" name="statusCodeTest" time="0.213"/>
  <testcase classname="com.qa.tests.CVIMultiplInvkeMtngEndTest" name="responseTimeTest" time="0.295"/>
</testsuite> <!-- com.qa.tests.CVIMultiplInvkeMtngEndTest -->
