<?xml version="1.0" encoding="UTF-8"?>
<!-- Generated by org.testng.reporters.JUnitReportReporter -->
<testsuite hostname="axx-PF1DX2B8" failures="0" tests="8" name="com.qa.tests.CVIMultiplInvkeMtngPauseTest" time="2.191" errors="0" timestamp="02 Jun 2020 11:14:49 GMT" skipped="0">
  <testcase classname="com.qa.tests.CVIMultiplInvkeMtngPauseTest" name="statusCodeTest" time="0.306"/>
  <testcase classname="com.qa.tests.CVIMultiplInvkeMtngPauseTest" name="contentTypeTest" time="0.192"/>
  <testcase classname="com.qa.tests.CVIMultiplInvkeMtngPauseTest" name="responseTimeTest" time="0.208"/>
  <testcase classname="com.qa.tests.CVIMultiplInvkeMtngPauseTest" name="responseBodyTest" time="0.292"/>
  <testcase classname="com.qa.tests.CVIMultiplInvkeMtngPauseTest" name="statusCodeTest" time="0.200"/>
  <testcase classname="com.qa.tests.CVIMultiplInvkeMtngPauseTest" name="responseTimeTest" time="0.299"/>
  <testcase classname="com.qa.tests.CVIMultiplInvkeMtngPauseTest" name="responseBodyTest" time="0.295"/>
  <testcase classname="com.qa.tests.CVIMultiplInvkeMtngPauseTest" name="contentTypeTest" time="0.399"/>
</testsuite> <!-- com.qa.tests.CVIMultiplInvkeMtngPauseTest -->
