<?xml version="1.0" encoding="UTF-8"?>
<!-- Generated by org.testng.reporters.JUnitReportReporter -->
<testsuite hostname="axx-PF1DX2B8" failures="0" tests="8" name="com.qa.tests.CVIMultiplInvkeMtngResumTest" time="1.777" errors="0" timestamp="08 Jun 2020 14:57:35 GMT" skipped="0">
  <testcase classname="com.qa.tests.CVIMultiplInvkeMtngResumTest" name="responseBodyTest" time="0.170"/>
  <testcase classname="com.qa.tests.CVIMultiplInvkeMtngResumTest" name="responseTimeTest" time="0.162"/>
  <testcase classname="com.qa.tests.CVIMultiplInvkeMtngResumTest" name="contentTypeTest" time="0.162"/>
  <testcase classname="com.qa.tests.CVIMultiplInvkeMtngResumTest" name="responseTimeTest" time="0.301"/>
  <testcase classname="com.qa.tests.CVIMultiplInvkeMtngResumTest" name="statusCodeTest" time="0.298"/>
  <testcase classname="com.qa.tests.CVIMultiplInvkeMtngResumTest" name="responseBodyTest" time="0.301"/>
  <testcase classname="com.qa.tests.CVIMultiplInvkeMtngResumTest" name="statusCodeTest" time="0.175"/>
  <testcase classname="com.qa.tests.CVIMultiplInvkeMtngResumTest" name="contentTypeTest" time="0.208"/>
</testsuite> <!-- com.qa.tests.CVIMultiplInvkeMtngResumTest -->
