<?xml version="1.0" encoding="UTF-8"?>
<!-- Generated by org.testng.reporters.JUnitReportReporter -->
<testsuite hostname="axx-PF1DX2B8" failures="0" tests="8" name="com.qa.tests.CVIMultiplInvkeMtngPauseTest" time="1.640" errors="0" timestamp="08 Jun 2020 14:57:35 GMT" skipped="0">
  <testcase classname="com.qa.tests.CVIMultiplInvkeMtngPauseTest" name="statusCodeTest" time="0.160"/>
  <testcase classname="com.qa.tests.CVIMultiplInvkeMtngPauseTest" name="contentTypeTest" time="0.298"/>
  <testcase classname="com.qa.tests.CVIMultiplInvkeMtngPauseTest" name="responseTimeTest" time="0.168"/>
  <testcase classname="com.qa.tests.CVIMultiplInvkeMtngPauseTest" name="responseBodyTest" time="0.207"/>
  <testcase classname="com.qa.tests.CVIMultiplInvkeMtngPauseTest" name="contentTypeTest" time="0.155"/>
  <testcase classname="com.qa.tests.CVIMultiplInvkeMtngPauseTest" name="responseTimeTest" time="0.290"/>
  <testcase classname="com.qa.tests.CVIMultiplInvkeMtngPauseTest" name="statusCodeTest" time="0.204"/>
  <testcase classname="com.qa.tests.CVIMultiplInvkeMtngPauseTest" name="responseBodyTest" time="0.158"/>
</testsuite> <!-- com.qa.tests.CVIMultiplInvkeMtngPauseTest -->
