<?xml version="1.0" encoding="UTF-8"?>
<!-- Generated by org.testng.reporters.JUnitReportReporter -->
<testsuite hostname="axx-PF1DX2B8" failures="0" tests="8" name="com.qa.tests.IBSGetUIMeetingsTest" time="0.797" errors="0" timestamp="08 Jun 2020 14:57:35 GMT" skipped="0">
  <testcase classname="com.qa.tests.IBSGetUIMeetingsTest" name="responseBodyTest" time="0.085"/>
  <testcase classname="com.qa.tests.IBSGetUIMeetingsTest" name="responseTimeTest" time="0.081"/>
  <testcase classname="com.qa.tests.IBSGetUIMeetingsTest" name="responseBodyTest" time="0.088"/>
  <testcase classname="com.qa.tests.IBSGetUIMeetingsTest" name="responseTimeTest" time="0.087"/>
  <testcase classname="com.qa.tests.IBSGetUIMeetingsTest" name="statusCodeTest" time="0.088"/>
  <testcase classname="com.qa.tests.IBSGetUIMeetingsTest" name="contentTypeTest" time="0.115"/>
  <testcase classname="com.qa.tests.IBSGetUIMeetingsTest" name="statusCodeTest" time="0.106"/>
  <testcase classname="com.qa.tests.IBSGetUIMeetingsTest" name="contentTypeTest" time="0.147"/>
</testsuite> <!-- com.qa.tests.IBSGetUIMeetingsTest -->
