<?xml version="1.0" encoding="UTF-8"?>
<!-- Generated by org.testng.reporters.JUnitReportReporter -->
<testsuite hostname="axx-PF1DX2B8" failures="0" tests="8" name="com.qa.tests.IBSGetUIHighlightsTest" time="0.639" errors="0" timestamp="08 Jun 2020 14:57:35 GMT" skipped="0">
  <testcase classname="com.qa.tests.IBSGetUIHighlightsTest" name="responseBodyTest" time="0.083"/>
  <testcase classname="com.qa.tests.IBSGetUIHighlightsTest" name="contentTypeTest" time="0.080"/>
  <testcase classname="com.qa.tests.IBSGetUIHighlightsTest" name="statusCodeTest" time="0.087"/>
  <testcase classname="com.qa.tests.IBSGetUIHighlightsTest" name="responseBodyTest" time="0.070"/>
  <testcase classname="com.qa.tests.IBSGetUIHighlightsTest" name="responseTimeTest" time="0.074"/>
  <testcase classname="com.qa.tests.IBSGetUIHighlightsTest" name="contentTypeTest" time="0.083"/>
  <testcase classname="com.qa.tests.IBSGetUIHighlightsTest" name="statusCodeTest" time="0.082"/>
  <testcase classname="com.qa.tests.IBSGetUIHighlightsTest" name="responseTimeTest" time="0.080"/>
</testsuite> <!-- com.qa.tests.IBSGetUIHighlightsTest -->
