<?xml version="1.0" encoding="UTF-8"?>
<!-- Generated by org.testng.reporters.JUnitReportReporter -->
<testsuite hostname="axx-PF1DX2B8" failures="0" tests="3" name="com.qa.tests.Sample" time="0.020" errors="0" timestamp="26 May 2020 13:36:47 GMT" skipped="0">
  <testcase classname="com.qa.tests.Sample" name="execTimeTest" time="0.016"/>
  <testcase classname="com.qa.tests.Sample" name="statusCodeTest" time="0.001"/>
  <testcase classname="com.qa.tests.Sample" name="responsebodyTest" time="0.003"/>
</testsuite> <!-- com.qa.tests.Sample -->
