<?xml version="1.0" encoding="UTF-8"?>
<!-- Generated by org.testng.reporters.JUnitReportReporter -->
<testsuite hostname="axx-PF1DX2B8" failures="0" tests="4" name="com.qa.tests.CVIInvkeMtngEndAsstrnTest" time="0.014" errors="0" timestamp="04 Jun 2020 11:11:27 GMT" skipped="0">
  <testcase classname="com.qa.tests.CVIInvkeMtngEndAsstrnTest" name="responseTimeTest" time="0.001"/>
  <testcase classname="com.qa.tests.CVIInvkeMtngEndAsstrnTest" name="statusCodeTest" time="0.001"/>
  <testcase classname="com.qa.tests.CVIInvkeMtngEndAsstrnTest" name="contentTypeTest" time="0.011"/>
  <testcase classname="com.qa.tests.CVIInvkeMtngEndAsstrnTest" name="responseBodyTest" time="0.001"/>
</testsuite> <!-- com.qa.tests.CVIInvkeMtngEndAsstrnTest -->
