<?xml version="1.0" encoding="UTF-8"?>
<!-- Generated by org.testng.reporters.JUnitReportReporter -->
<testsuite hostname="axx-PF1DX2B8" failures="0" tests="1" name="com.qa.tests.IBSGet" time="1.498" errors="0" timestamp="04 Jun 2020 12:59:43 GMT" skipped="0">
  <testcase classname="com.qa.tests.IBSGet" name="getTest" time="1.498"/>
</testsuite> <!-- com.qa.tests.IBSGet -->
