<?xml version="1.0" encoding="UTF-8"?>
<!-- Generated by org.testng.reporters.JUnitReportReporter -->
<testsuite hostname="axx-PF1DX2B8" failures="0" tests="2" name="com.qa.tests.CVIMultiplInvokeMtngTest" time="0.917" errors="0" timestamp="26 May 2020 16:15:47 GMT" skipped="0">
  <testcase classname="com.qa.tests.CVIMultiplInvokeMtngTest" name="postTest" time="0.422"/>
  <testcase classname="com.qa.tests.CVIMultiplInvokeMtngTest" name="postTest" time="0.495"/>
</testsuite> <!-- com.qa.tests.CVIMultiplInvokeMtngTest -->
