<?xml version="1.0" encoding="UTF-8"?>
<!-- Generated by org.testng.reporters.JUnitReportReporter -->
<testsuite hostname="axx-PF1DX2B8" failures="0" tests="8" name="com.qa.tests.IBSGetUITranscriptsTest" time="0.687" errors="0" timestamp="08 Jun 2020 14:57:35 GMT" skipped="0">
  <testcase classname="com.qa.tests.IBSGetUITranscriptsTest" name="responseTimeTest" time="0.081"/>
  <testcase classname="com.qa.tests.IBSGetUITranscriptsTest" name="contentTypeTest" time="0.081"/>
  <testcase classname="com.qa.tests.IBSGetUITranscriptsTest" name="statusCodeTest" time="0.082"/>
  <testcase classname="com.qa.tests.IBSGetUITranscriptsTest" name="responseBodyTest" time="0.093"/>
  <testcase classname="com.qa.tests.IBSGetUITranscriptsTest" name="responseTimeTest" time="0.090"/>
  <testcase classname="com.qa.tests.IBSGetUITranscriptsTest" name="statusCodeTest" time="0.087"/>
  <testcase classname="com.qa.tests.IBSGetUITranscriptsTest" name="contentTypeTest" time="0.082"/>
  <testcase classname="com.qa.tests.IBSGetUITranscriptsTest" name="responseBodyTest" time="0.091"/>
</testsuite> <!-- com.qa.tests.IBSGetUITranscriptsTest -->
