<?xml version="1.0" encoding="UTF-8"?>
<!-- Generated by org.testng.reporters.JUnitReportReporter -->
<testsuite hostname="axx-PF1DX2B8" failures="0" tests="8" name="com.qa.tests.sample" time="3.956" errors="0" timestamp="07 Jun 2020 18:55:50 GMT" skipped="0">
  <testcase classname="com.qa.tests.sample" name="responseBodyTest" time="0.701"/>
  <testcase classname="com.qa.tests.sample" name="responseTimeTest" time="0.500"/>
  <testcase classname="com.qa.tests.sample" name="statusCodeTest" time="0.477"/>
  <testcase classname="com.qa.tests.sample" name="contentTypeTest" time="0.485"/>
  <testcase classname="com.qa.tests.sample" name="responseBodyTest" time="0.319"/>
  <testcase classname="com.qa.tests.sample" name="responseTimeTest" time="0.646"/>
  <testcase classname="com.qa.tests.sample" name="contentTypeTest" time="0.331"/>
  <testcase classname="com.qa.tests.sample" name="statusCodeTest" time="0.497"/>
</testsuite> <!-- com.qa.tests.sample -->
