<?xml version="1.0" encoding="UTF-8"?>
<!-- Generated by org.testng.reporters.JUnitReportReporter -->
<testsuite hostname="axx-PF1DX2B8" failures="0" tests="8" name="com.qa.tests.CVIMultiplInvkeMtngResumTest" time="2.098" errors="0" timestamp="04 Jun 2020 11:27:52 GMT" skipped="0">
  <testcase classname="com.qa.tests.CVIMultiplInvkeMtngResumTest" name="responseTimeTest" time="0.282"/>
  <testcase classname="com.qa.tests.CVIMultiplInvkeMtngResumTest" name="statusCodeTest" time="0.229"/>
  <testcase classname="com.qa.tests.CVIMultiplInvkeMtngResumTest" name="contentTypeTest" time="0.299"/>
  <testcase classname="com.qa.tests.CVIMultiplInvkeMtngResumTest" name="statusCodeTest" time="0.213"/>
  <testcase classname="com.qa.tests.CVIMultiplInvkeMtngResumTest" name="responseBodyTest" time="0.255"/>
  <testcase classname="com.qa.tests.CVIMultiplInvkeMtngResumTest" name="responseBodyTest" time="0.317"/>
  <testcase classname="com.qa.tests.CVIMultiplInvkeMtngResumTest" name="responseTimeTest" time="0.212"/>
  <testcase classname="com.qa.tests.CVIMultiplInvkeMtngResumTest" name="contentTypeTest" time="0.291"/>
</testsuite> <!-- com.qa.tests.CVIMultiplInvkeMtngResumTest -->
