<?xml version="1.0" encoding="UTF-8"?>
<!-- Generated by org.testng.reporters.JUnitReportReporter -->
<testsuite hostname="axx-PF1DX2B8" failures="0" tests="1" name="com.qa.tests.CVIlogin" time="2.044" errors="0" timestamp="18 May 2020 11:25:50 GMT" skipped="0">
  <testcase classname="com.qa.tests.CVIlogin" name="CVIlogin" time="2.044"/>
</testsuite> <!-- com.qa.tests.CVIlogin -->
