<?xml version="1.0" encoding="UTF-8"?>
<!-- Generated by org.testng.reporters.JUnitReportReporter -->
<testsuite hostname="axx-PF1DX2B8" failures="0" tests="1" name="com.qa.tests.GetPostTest" time="1.642" errors="0" timestamp="18 May 2020 11:27:37 GMT" skipped="0">
  <testcase classname="com.qa.tests.GetPostTest" name="getTest" time="1.642"/>
</testsuite> <!-- com.qa.tests.GetPostTest -->
