<?xml version="1.0" encoding="UTF-8"?>
<!-- Generated by org.testng.reporters.JUnitReportReporter -->
<testsuite hostname="axx-PF1DX2B8" failures="0" tests="1" name="com.qa.tests.CVIInvkeMtngStrtAsstrnTest" time="0.018" errors="0" timestamp="27 May 2020 17:30:47 GMT" skipped="0">
  <testcase classname="com.qa.tests.CVIInvkeMtngStrtAsstrnTest" name="responseBodyTest" time="0.018"/>
</testsuite> <!-- com.qa.tests.CVIInvkeMtngStrtAsstrnTest -->
