<?xml version="1.0" encoding="UTF-8"?>
<!-- Generated by org.testng.reporters.JUnitReportReporter -->
<testsuite hostname="axx-PF1DX2B8" failures="0" tests="1" name="com.qa.tests.IBSGetMeetingsTest" time="0.405" errors="0" timestamp="08 Jun 2020 14:53:16 GMT" skipped="0">
  <testcase classname="com.qa.tests.IBSGetMeetingsTest" name="statusCodeTest" time="0.405"/>
</testsuite> <!-- com.qa.tests.IBSGetMeetingsTest -->
