<?xml version="1.0" encoding="UTF-8"?>
<!-- Generated by org.testng.reporters.JUnitReportReporter -->
<testsuite hostname="axx-PF1DX2B8" failures="0" tests="2" name="com.qa.tests.CVIPostTest" time="0.008" errors="0" timestamp="25 May 2020 20:03:42 GMT" skipped="0">
  <testcase classname="com.qa.tests.CVIPostTest" name="statusCodeTest" time="0.002"/>
  <testcase classname="com.qa.tests.CVIPostTest" name="postTest" time="0.006"/>
</testsuite> <!-- com.qa.tests.CVIPostTest -->
